<?xml version="1.0" encoding="UTF-8"?>
<!-- Generated by org.testng.reporters.JUnitXMLReporter -->
<testsuite hostname="dosysnet042" ignored="0" name="Customer_Management" tests="4" failures="0" timestamp="18 Feb 2019 09:54:21 GMT" time="137.46" errors="0">
  <testcase name="verifyNewCustomerRegistration" time="19.346" classname="com.dreamorbit.faviana_b2cuk.customermanagement.TC01_VerifyNewCustomerRegistration"/>
  <testcase name="verifyConnectUsingSocialMedia" time="13.149" classname="com.dreamorbit.faviana_b2cuk.customermanagement.TC02_VerifyConnectUsingSocialMedia"/>
  <testcase name="verifyExistingUserLogin" time="13.742" classname="com.dreamorbit.faviana_b2cuk.customermanagement.TC03_VerifyExistingUserLogin"/>
  <testcase name="verifyRetailerLogin" time="19.087" classname="com.dreamorbit.faviana_b2cuk.customermanagement.TC04_VerifyRetailerLogin"/>
</testsuite> <!-- Customer_Management -->
