<?xml version="1.0" encoding="UTF-8"?>
<!-- Generated by org.testng.reporters.JUnitXMLReporter -->
<testsuite hostname="dosysnet042" ignored="0" name="Smoke_Test" tests="2" failures="0" timestamp="28 Sep 2018 07:42:19 GMT" time="49.325" errors="0">
  <testcase name="verifyAppicationLaunch" time="0.184" classname="com.dreamorbit.faviana_b2cuk.testcases.LoginPageTest"/>
  <testcase name="loginToTheApplication" time="12.298" classname="com.dreamorbit.faviana_b2cuk.testcases.LoginPageTest"/>
</testsuite> <!-- Smoke_Test -->
